go clean -testcache
for f in ./*/; do \
		if [ "$f" != "./bin/" -a  "$f" != "./vendor/" ]; then \
			cd $f; go test -tags=integration ./... ; cd ..; \
		fi \
	done
ok  	github.com/dappley/go-dappley/common	0.270s
ok  	github.com/dappley/go-dappley/common/deadline	0.431s
ok  	github.com/dappley/go-dappley/common/hash	0.516s
?   	github.com/dappley/go-dappley/common/log	[no test files]
ok  	github.com/dappley/go-dappley/common/pubsub	0.498s
?   	github.com/dappley/go-dappley/common/pubsub/mocks	[no test files]
ok  	github.com/dappley/go-dappley/common/sorted	0.216s
FAIL	github.com/dappley/go-dappley/common/trie [build failed]
?   	github.com/dappley/go-dappley/common/trie/pb	[no test files]
FAIL
ok  	github.com/dappley/go-dappley/config	0.163s
?   	github.com/dappley/go-dappley/config/pb	[no test files]
ok  	github.com/dappley/go-dappley/consensus	1.206s
?   	github.com/dappley/go-dappley/core	[no test files]
ok  	github.com/dappley/go-dappley/core/account	0.249s
?   	github.com/dappley/go-dappley/core/account/pb	[no test files]
ok  	github.com/dappley/go-dappley/core/block	0.541s
?   	github.com/dappley/go-dappley/core/block/pb	[no test files]
ok  	github.com/dappley/go-dappley/core/blockchain	0.357s
ok  	github.com/dappley/go-dappley/core/blockproducerinfo	0.639s
ok  	github.com/dappley/go-dappley/core/scState	2.206s
?   	github.com/dappley/go-dappley/core/scState/pb	[no test files]
?   	github.com/dappley/go-dappley/core/test	[no test files]
ok  	github.com/dappley/go-dappley/core/transaction	0.336s
?   	github.com/dappley/go-dappley/core/transaction/pb	[no test files]
ok  	github.com/dappley/go-dappley/core/transactionbase	0.194s
?   	github.com/dappley/go-dappley/core/transactionbase/pb	[no test files]
?   	github.com/dappley/go-dappley/core/utxo	[no test files]
?   	github.com/dappley/go-dappley/core/utxo/pb	[no test files]
--- FAIL: TestSecp256k1Sign (0.00s)
    --- FAIL: TestSecp256k1Sign/invalid_private_key (0.00s)
        crypto_unit_test.go:355: 
            	Error Trace:	crypto_unit_test.go:355
            	Error:      	Should NOT be empty, but was []
            	Test:       	TestSecp256k1Sign/invalid_private_key
        crypto_unit_test.go:356: 
            	Error Trace:	crypto_unit_test.go:356
            	Error:      	Expected nil, but got: &errors.errorString{s:"invalid private key"}
            	Test:       	TestSecp256k1Sign/invalid_private_key
FAIL
FAIL	github.com/dappley/go-dappley/crypto	0.416s
ok  	github.com/dappley/go-dappley/crypto/byteutils	0.329s
ok  	github.com/dappley/go-dappley/crypto/cipher	0.613s
ok  	github.com/dappley/go-dappley/crypto/hash	0.158s
?   	github.com/dappley/go-dappley/crypto/keystore	[no test files]
FAIL	github.com/dappley/go-dappley/crypto/keystore/secp256k1 [build failed]
?   	github.com/dappley/go-dappley/crypto/keystore/secp256k1/bitelliptic	[no test files]
ok  	github.com/dappley/go-dappley/crypto/keystore/secp256k1/vrf	0.312s
ok  	github.com/dappley/go-dappley/crypto/keystore/secp256k1/vrf/secp256k1VRF	11.795s
ok  	github.com/dappley/go-dappley/crypto/keystore/test	1.471s
ok  	github.com/dappley/go-dappley/crypto/sha3	0.421s
?   	github.com/dappley/go-dappley/crypto/utils	[no test files]
FAIL
?   	github.com/dappley/go-dappley/dapp	[no test files]
?   	github.com/dappley/go-dappley/dapp/cli	[no test files]
ok  	github.com/dappley/go-dappley/intergationTest	69.437s
ok  	github.com/dappley/go-dappley/logic	6.121s
?   	github.com/dappley/go-dappley/logic/blockproducer	[no test files]
?   	github.com/dappley/go-dappley/logic/blockproducer/mocks	[no test files]
ok  	github.com/dappley/go-dappley/logic/downloadmanager	25.250s
ok  	github.com/dappley/go-dappley/logic/lblock	0.409s
ok  	github.com/dappley/go-dappley/logic/lblockchain	0.676s
?   	github.com/dappley/go-dappley/logic/lblockchain/mocks	[no test files]
?   	github.com/dappley/go-dappley/logic/lblockchain/pb	[no test files]
ok  	github.com/dappley/go-dappley/logic/ltransaction	0.456s
ok  	github.com/dappley/go-dappley/logic/lutxo	1.249s
ok  	github.com/dappley/go-dappley/logic/transactionpool	0.332s
ok  	github.com/dappley/go-dappley/metrics	10.191s
?   	github.com/dappley/go-dappley/metrics/logMetrics	[no test files]
?   	github.com/dappley/go-dappley/metrics/pb	[no test files]
ok  	github.com/dappley/go-dappley/network	17.005s
ok  	github.com/dappley/go-dappley/network/networkmodel	0.244s
?   	github.com/dappley/go-dappley/network/pb	[no test files]
ok  	github.com/dappley/go-dappley/rpc	30.287s
?   	github.com/dappley/go-dappley/rpc/pb	[no test files]
?   	github.com/dappley/go-dappley/sdk	[no test files]
FAIL	github.com/dappley/go-dappley/storage [build failed]
?   	github.com/dappley/go-dappley/storage/mock	[no test files]
?   	github.com/dappley/go-dappley/storage/mocks	[no test files]
FAIL
?   	github.com/dappley/go-dappley/tool/block_generator	[no test files]
?   	github.com/dappley/go-dappley/tool/block_generator/benchmark_tool	[no test files]
?   	github.com/dappley/go-dappley/tool/block_generator/src	[no test files]
?   	github.com/dappley/go-dappley/tool/db_inspect	[no test files]
?   	github.com/dappley/go-dappley/tool/db_inspect/pb	[no test files]
ok  	github.com/dappley/go-dappley/tool/utxo_data_tranfer	0.338s
ok  	github.com/dappley/go-dappley/util	0.169s
ok  	github.com/dappley/go-dappley/vm	0.522s
ok  	github.com/dappley/go-dappley/wallet	12.482s
?   	github.com/dappley/go-dappley/wallet/pb	[no test files]
